Build started 8/16/2015 7:44:13 PM.
     1>Project "c:\Users\Kevin\documents\visual studio 2015\Projects\W\WDecrypt\WDecrypt.vcxproj" on node 2 (Build target(s)).
     1>ClCompile:
         C:\Program Files (x86)\Microsoft Visual Studio 14.0\VC\bin\CL.exe /c /Zi /nologo /W3 /WX- /O2 /Oi /Oy- /GL /D WIN32 /D NDEBUG /D _CONSOLE /D _UNICODE /D UNICODE /Gm- /EHsc /MD /GS /Gy /fp:precise /Zc:wchar_t /Zc:forScope /Zc:inline /Fo"Release\\" /Fd"Release\vc140.pdb" /Gd /TP /analyze- /errorReport:prompt main.cpp
         main.cpp
     1>main.cpp(43): warning C4996: 'fopen': This function or variable may be unsafe. Consider using fopen_s instead. To disable deprecation, use _CRT_SECURE_NO_WARNINGS. See online help for details.
         C:\Program Files (x86)\Windows Kits\10\Include\10.0.10150.0\ucrt\stdio.h(205): note: see declaration of 'fopen'
     1>main.cpp(44): warning C4996: 'fopen': This function or variable may be unsafe. Consider using fopen_s instead. To disable deprecation, use _CRT_SECURE_NO_WARNINGS. See online help for details.
         C:\Program Files (x86)\Windows Kits\10\Include\10.0.10150.0\ucrt\stdio.h(205): note: see declaration of 'fopen'
       Link:
         C:\Program Files (x86)\Microsoft Visual Studio 14.0\VC\bin\link.exe /ERRORREPORT:PROMPT /OUT:"c:\users\kevin\documents\visual studio 2015\Projects\W\Release\WDecrypt.exe" /INCREMENTAL:NO /NOLOGO kernel32.lib user32.lib gdi32.lib winspool.lib comdlg32.lib advapi32.lib shell32.lib ole32.lib oleaut32.lib uuid.lib odbc32.lib odbccp32.lib /MANIFEST /MANIFESTUAC:"level='asInvoker' uiAccess='false'" /manifest:embed /Debug /PDB:"c:\users\kevin\documents\visual studio 2015\Projects\W\Release\WDecrypt.pdb" /SUBSYSTEM:CONSOLE /OPT:REF /OPT:ICF /LTCG:incremental /TLBID:1 /DYNAMICBASE /NXCOMPAT /IMPLIB:"c:\users\kevin\documents\visual studio 2015\Projects\W\Release\WDecrypt.lib" /MACHINE:X86 /SAFESEH Release\blowfish.obj
         Release\main.obj
         Generating code
         1 of 11 functions ( 9.1%) were compiled, the rest were copied from previous compilation.
           0 functions were new in current compilation
           0 functions had inline decision re-evaluated but remain unchanged
         Finished generating code
         WDecrypt.vcxproj -> c:\users\kevin\documents\visual studio 2015\Projects\W\Release\WDecrypt.exe
     1>Done Building Project "c:\Users\Kevin\documents\visual studio 2015\Projects\W\WDecrypt\WDecrypt.vcxproj" (Build target(s)).

Build succeeded.

Time Elapsed 00:00:00.75
